\BOOKMARK [-1][-]{part.1}{\376\377\000I\000\040\000F\000u\000n\000d\000a\000m\000e\000n\000t\000o\000s\000\040\000d\000e\000\040\000L\000a\000\040\000L\000\363\000g\000i\000c\000a}{}% 1
\BOOKMARK [0][-]{chapter.1}{\376\377\000L\000\363\000g\000i\000c\000a\000\040\000P\000r\000o\000p\000o\000s\000i\000c\000i\000o\000n\000a\000l}{part.1}% 2
\BOOKMARK [1][-]{section.1.1}{\376\377\000\277\000Q\000u\000\351\000\040\000e\000s\000\040\000l\000a\000\040\000l\000\363\000g\000i\000c\000a\000?}{chapter.1}% 3
\BOOKMARK [1][-]{section.1.2}{\376\377\000R\000a\000z\000o\000n\000a\000m\000i\000e\000n\000t\000o\000\040\000F\000o\000r\000m\000a\000l}{chapter.1}% 4
\BOOKMARK [1][-]{section.1.3}{\376\377\000L\000\363\000g\000i\000c\000a\000\040\000P\000r\000o\000p\000o\000s\000i\000c\000i\000o\000n\000a\000l}{chapter.1}% 5
\BOOKMARK [1][-]{section.1.4}{\376\377\000C\000l\000a\000s\000i\000f\000i\000c\000a\000c\000i\000\363\000n\000\040\000d\000e\000\040\000F\000\363\000r\000m\000u\000l\000a\000s\000\040\000e\000n\000\040\000L\000\363\000g\000i\000c\000a\000\040\000P\000r\000o\000p\000o\000s\000i\000c\000i\000o\000n\000a\000l}{chapter.1}% 6
\BOOKMARK [1][-]{section.1.5}{\376\377\000E\000q\000u\000i\000v\000a\000l\000e\000n\000c\000i\000a\000\040\000d\000e\000\040\000f\000\363\000r\000m\000u\000l\000a\000s}{chapter.1}% 7
\BOOKMARK [1][-]{section.1.6}{\376\377\000C\000o\000n\000s\000e\000c\000u\000e\000n\000c\000i\000a\000\040\000L\000\363\000g\000i\000c\000a}{chapter.1}% 8
\BOOKMARK [1][-]{section.1.7}{\376\377\000A\000p\000l\000i\000c\000a\000c\000i\000o\000n\000e\000s\000\040\000d\000e\000\040\000S\000a\000t\000i\000s\000f\000a\000c\000t\000i\000b\000i\000l\000i\000d\000a\000d}{chapter.1}% 9
\BOOKMARK [1][-]{section.1.8}{\376\377\000D\000e\000d\000u\000c\000c\000i\000\363\000n\000\040\000N\000a\000t\000u\000r\000a\000l}{chapter.1}% 10
\BOOKMARK [0][-]{chapter.2}{\376\377\000L\000\363\000g\000i\000c\000a\000\040\000d\000e\000\040\000P\000r\000e\000d\000i\000c\000a\000d\000o\000s}{part.1}% 11
\BOOKMARK [1][-]{section.2.1}{\376\377\000I\000n\000t\000r\000o\000d\000u\000c\000c\000i\000\363\000n\000\040\000a\000\040\000L\000\363\000g\000i\000c\000a\000\040\000d\000e\000\040\000P\000r\000e\000d\000i\000c\000a\000d\000o\000s}{chapter.2}% 12
\BOOKMARK [1][-]{section.2.2}{\376\377\000S\000e\000m\000\341\000n\000t\000i\000c\000a\000\040\000d\000e\000\040\000l\000a\000\040\000L\000\363\000g\000i\000c\000a\000\040\000d\000e\000\040\000P\000r\000e\000d\000i\000c\000a\000d\000o\000s}{chapter.2}% 13
\BOOKMARK [1][-]{section.2.3}{\376\377\000E\000q\000u\000i\000v\000a\000l\000e\000n\000c\000i\000a\000\040\000d\000e\000\040\000F\000\363\000r\000m\000u\000l\000a\000s}{chapter.2}% 14
\BOOKMARK [1][-]{section.2.4}{\376\377\000I\000n\000f\000e\000r\000e\000n\000c\000i\000a\000\040\000e\000n\000\040\000L\000\363\000g\000i\000c\000a\000\040\000d\000e\000\040\000P\000r\000e\000d\000i\000c\000a\000d\000o\000s}{chapter.2}% 15
\BOOKMARK [1][-]{section.2.5}{\376\377\000R\000o\000b\000u\000s\000t\000e\000z\000\040\000y\000\040\000C\000o\000m\000p\000l\000e\000t\000i\000t\000u\000d}{chapter.2}% 16
\BOOKMARK [-1][-]{part.2}{\376\377\000I\000I\000\040\000T\000\351\000c\000n\000i\000c\000a\000s\000\040\000d\000e\000\040\000D\000e\000m\000o\000s\000t\000r\000a\000c\000i\000\363\000n}{}% 17
\BOOKMARK [0][-]{chapter.3}{\376\377\000I\000n\000d\000u\000c\000c\000i\000\363\000n\000\040\000M\000a\000t\000e\000m\000\341\000t\000i\000c\000a}{part.2}% 18
\BOOKMARK [1][-]{section.3.1}{\376\377\000I\000n\000t\000r\000o\000d\000u\000c\000c\000i\000\363\000n\000\040\000a\000\040\000l\000a\000\040\000D\000e\000m\000o\000s\000t\000r\000a\000c\000i\000\363\000n}{chapter.3}% 19
\BOOKMARK [1][-]{section.3.2}{\376\377\000P\000r\000i\000n\000c\000i\000p\000i\000o\000\040\000d\000e\000\040\000I\000n\000d\000u\000c\000c\000i\000\363\000n}{chapter.3}% 20
\BOOKMARK [1][-]{section.3.3}{\376\377\000P\000r\000i\000n\000c\000i\000p\000i\000o\000\040\000d\000e\000\040\000I\000n\000d\000u\000c\000c\000i\000\363\000n\000\040\000F\000u\000e\000r\000t\000e}{chapter.3}% 21
\BOOKMARK [1][-]{section.3.4}{\376\377\000C\000o\000m\000p\000a\000r\000a\000n\000d\000o\000\040\000l\000o\000s\000\040\000d\000o\000s\000\040\000p\000r\000i\000n\000c\000i\000p\000i\000o\000s\000\040\000d\000e\000\040\000i\000n\000d\000u\000c\000c\000i\000\363\000n}{chapter.3}% 22
\BOOKMARK [1][-]{section.3.5}{\376\377\000I\000n\000t\000r\000o\000d\000u\000c\000c\000i\000\363\000n\000\040\000a\000\040\000l\000a\000\040\000I\000n\000d\000u\000c\000c\000i\000\363\000n\000\040\000E\000s\000t\000r\000u\000c\000t\000u\000r\000a\000l}{chapter.3}% 23
\BOOKMARK [1][-]{section.3.6}{\376\377\000I\000n\000d\000u\000c\000c\000i\000\363\000n\000\040\000E\000s\000t\000r\000u\000c\000t\000u\000r\000a\000l\000\040\000s\000o\000b\000r\000e\000\040\000E\000s\000t\000r\000u\000c\000t\000u\000r\000a\000s\000\040\000R\000e\000c\000u\000r\000s\000i\000v\000a\000s}{chapter.3}% 24
\BOOKMARK [1][-]{section.3.7}{\376\377\000E\000j\000e\000r\000c\000i\000c\000i\000o\000s\000\040\000R\000e\000s\000u\000e\000l\000t\000o\000s}{chapter.3}% 25
\BOOKMARK [-1][-]{part.3}{\376\377\000I\000I\000I\000\040\000R\000e\000l\000a\000c\000i\000o\000n\000e\000s\000\040\000y\000\040\000F\000u\000n\000c\000i\000o\000n\000e\000s}{}% 26
\BOOKMARK [0][-]{chapter.4}{\376\377\000R\000e\000l\000a\000c\000i\000o\000n\000e\000s}{part.3}% 27
\BOOKMARK [1][-]{section.4.1}{\376\377\000D\000e\000f\000i\000n\000i\000c\000i\000\363\000n\000\040\000d\000e\000\040\000r\000e\000l\000a\000c\000i\000o\000n\000e\000s}{chapter.4}% 28
\BOOKMARK [1][-]{section.4.2}{\376\377\000R\000e\000l\000a\000c\000i\000o\000n\000e\000s\000\040\000d\000e\000\040\000o\000r\000d\000e\000n}{chapter.4}% 29
\BOOKMARK [1][-]{section.4.3}{\376\377\000R\000e\000l\000a\000c\000i\000o\000n\000e\000s\000\040\000d\000e\000\040\000e\000q\000u\000i\000v\000a\000l\000e\000n\000c\000i\000a}{chapter.4}% 30
\BOOKMARK [1][-]{section.4.4}{\376\377\000R\000e\000l\000a\000c\000i\000o\000n\000e\000s\000\040\000d\000e\000\040\000e\000q\000u\000i\000v\000a\000l\000e\000n\000c\000i\000a\000\040\000y\000\040\000p\000a\000r\000t\000i\000c\000i\000o\000n\000e\000s}{chapter.4}% 31
\BOOKMARK [0][-]{chapter.5}{\376\377\000F\000u\000n\000c\000i\000o\000n\000e\000s}{part.3}% 32
\BOOKMARK [1][-]{section.5.1}{\376\377\000O\000p\000e\000r\000a\000c\000i\000o\000n\000e\000s\000\040\000s\000o\000b\000r\000e\000\040\000R\000e\000l\000a\000c\000i\000o\000n\000e\000s}{chapter.5}% 33
\BOOKMARK [1][-]{section.5.2}{\376\377\000C\000l\000a\000u\000s\000u\000r\000a\000s}{chapter.5}% 34
\BOOKMARK [1][-]{section.5.3}{\376\377\000F\000u\000n\000c\000i\000o\000n\000e\000s}{chapter.5}% 35
\BOOKMARK [1][-]{section.5.4}{\376\377\000C\000r\000e\000c\000i\000m\000i\000e\000n\000t\000o\000\040\000d\000e\000\040\000F\000u\000n\000c\000i\000o\000n\000e\000s}{chapter.5}% 36
\BOOKMARK [-1][-]{part.4}{\376\377\000I\000V\000\040\000C\000o\000m\000b\000i\000n\000a\000t\000o\000r\000i\000a}{}% 37
\BOOKMARK [0][-]{section.5.5}{\376\377\000P\000r\000i\000n\000c\000i\000p\000i\000o\000s\000\040\000d\000e\000\040\000C\000o\000n\000t\000e\000o}{part.4}% 38
\BOOKMARK [1][-]{section.5.6}{\376\377\000P\000r\000i\000n\000c\000i\000p\000i\000o\000\040\000d\000e\000\040\000I\000n\000c\000l\000u\000s\000i\000\363\000n\000-\000E\000x\000c\000l\000u\000s\000i\000\363\000n}{section.5.5}% 39
\BOOKMARK [1][-]{section.5.7}{\376\377\000P\000r\000i\000n\000c\000i\000p\000i\000o\000\040\000d\000e\000l\000\040\000P\000a\000l\000o\000m\000a\000r}{section.5.5}% 40
\BOOKMARK [1][-]{section.5.8}{\376\377\000C\000o\000m\000b\000i\000n\000a\000t\000o\000r\000i\000a}{section.5.5}% 41
\BOOKMARK [1][-]{section.5.9}{\376\377\000P\000r\000u\000e\000b\000a\000s\000\040\000c\000o\000m\000b\000i\000n\000a\000t\000o\000r\000i\000a\000l\000e\000s}{section.5.5}% 42
\BOOKMARK [1][-]{section.5.10}{\376\377\000R\000e\000l\000a\000c\000i\000o\000n\000e\000s\000\040\000d\000e\000\040\000R\000e\000c\000u\000r\000r\000e\000n\000c\000i\000a\000\040}{section.5.5}% 43
\BOOKMARK [1][-]{section.5.11}{\376\377\000R\000e\000c\000u\000r\000r\000e\000n\000c\000i\000a\000s\000\040\000L\000i\000n\000e\000a\000l\000e\000s}{section.5.5}% 44
\BOOKMARK [1][-]{section.5.12}{\376\377\000F\000u\000n\000c\000i\000o\000n\000e\000s\000\040\000G\000e\000n\000e\000r\000a\000d\000o\000r\000a\000s}{section.5.5}% 45
\BOOKMARK [1][-]{section.5.13}{\376\377\000M\000\341\000s\000\040\000s\000o\000b\000r\000e\000\040\000f\000u\000n\000c\000i\000o\000n\000e\000s\000\040\000g\000e\000n\000e\000r\000a\000d\000o\000r\000a\000s}{section.5.5}% 46
\BOOKMARK [-1][-]{part.5}{\376\377\000V\000\040\000T\000e\000o\000r\000\355\000a\000\040\000d\000e\000\040\000g\000r\000a\000f\000o\000s}{}% 47
\BOOKMARK [0][-]{section.5.14}{\376\377\000I\000n\000t\000r\000o\000d\000u\000c\000c\000i\000\363\000n\000\040\000a\000\040\000l\000o\000s\000\040\000G\000r\000a\000f\000o\000s}{part.5}% 48
\BOOKMARK [1][-]{section.5.15}{\376\377\000P\000r\000o\000p\000i\000e\000d\000a\000d\000e\000s\000\040\000d\000e\000\040\000l\000o\000s\000\040\000G\000r\000a\000f\000o\000s}{section.5.14}% 49
\BOOKMARK [1][-]{section.5.16}{\376\377\000R\000e\000p\000r\000e\000s\000e\000n\000t\000a\000c\000i\000\363\000n\000\040\000d\000e\000\040\000g\000r\000a\000f\000o\000s}{section.5.14}% 50
\BOOKMARK [1][-]{section.5.17}{\376\377\000S\000u\000b\000g\000r\000a\000f\000o\000s\000\040\000e\000\040\000I\000s\000o\000m\000o\000r\000f\000i\000s\000m\000o}{section.5.14}% 51
\BOOKMARK [1][-]{section.5.18}{\376\377\000C\000a\000m\000i\000n\000o\000s\000\040\000e\000n\000\040\000g\000r\000a\000f\000o\000s}{section.5.14}% 52
\BOOKMARK [1][-]{section.5.19}{\376\377\000C\000i\000r\000c\000u\000i\000t\000o\000s\000\040\000E\000u\000l\000e\000r\000i\000a\000n\000o\000s}{section.5.14}% 53
\BOOKMARK [1][-]{section.5.20}{\376\377\000C\000i\000r\000c\000u\000i\000t\000o\000s\000\040\000H\000a\000m\000i\000l\000t\000o\000n\000i\000a\000n\000o\000s}{section.5.14}% 54
\BOOKMARK [1][-]{section.5.21}{\376\377\000C\000a\000m\000i\000n\000o\000s\000\040\000m\000\341\000s\000\040\000c\000o\000r\000t\000o\000s\000\040\000s\000o\000b\000r\000e\000\040\000g\000r\000a\000f\000o\000s}{section.5.14}% 55
\BOOKMARK [1][-]{section.5.22}{\376\377\000G\000r\000a\000f\000o\000s\000\040\000c\000o\000n\000\040\000p\000e\000s\000o\000s}{section.5.14}% 56
\BOOKMARK [1][-]{section.5.23}{\376\377\000C\000o\000l\000o\000r\000a\000b\000i\000l\000i\000d\000a\000d\000\040\000d\000e\000\040\000g\000r\000a\000f\000o\000s}{section.5.14}% 57
\BOOKMARK [1][-]{section.5.24}{\376\377\000G\000r\000a\000f\000o\000s\000\040\000p\000l\000a\000n\000a\000r\000e\000s}{section.5.14}% 58
\BOOKMARK [1][-]{section.5.25}{\376\377\000T\000e\000o\000r\000e\000m\000a\000\040\000d\000e\000\040\000l\000o\000s\000\040\000C\000u\000a\000t\000r\000o\000\040\000C\000o\000l\000o\000r\000e\000s}{section.5.14}% 59
\BOOKMARK [1][-]{section.5.26}{\376\377\000\301\000r\000b\000o\000l\000e\000s}{section.5.14}% 60
\BOOKMARK [1][-]{section.5.27}{\376\377\000\301\000r\000b\000o\000l\000e\000s\000\040\000G\000e\000n\000e\000r\000a\000d\000o\000r\000e\000s}{section.5.14}% 61
\BOOKMARK [1][-]{section.5.28}{\376\377\000\301\000r\000b\000o\000l\000e\000s\000\040\000G\000e\000n\000e\000r\000a\000d\000o\000r\000e\000s\000\040\000d\000e\000\040\000C\000o\000s\000t\000o\000\040\000M\000\355\000n\000i\000m\000o}{section.5.14}% 62
